<?xml version="1.0" encoding="UTF-8"?>
<coverage generated="1594136328840" clover="3.2.0">
  <project timestamp="1594136328840" name="All files">
    <metrics statements="22" coveredstatements="21" conditionals="8" coveredconditionals="3" methods="3" coveredmethods="2" elements="33" coveredelements="26" complexity="0" loc="22" ncloc="22" packages="2" files="5" classes="5"/>
    <package name="config">
      <metrics statements="10" coveredstatements="9" conditionals="8" coveredconditionals="3" methods="3" coveredmethods="2"/>
      <file name="db.ts" path="/home/camila.barroso/projects/ztd-api/src/config/db.ts">
        <metrics statements="7" coveredstatements="6" conditionals="0" coveredconditionals="0" methods="3" coveredmethods="2"/>
        <line num="1" count="3" type="stmt"/>
        <line num="3" count="3" type="stmt"/>
        <line num="4" count="3" type="stmt"/>
        <line num="11" count="3" type="stmt"/>
        <line num="12" count="3" type="stmt"/>
        <line num="15" count="3" type="stmt"/>
        <line num="16" count="0" type="stmt"/>
      </file>
      <file name="index.ts" path="/home/camila.barroso/projects/ztd-api/src/config/index.ts">
        <metrics statements="3" coveredstatements="3" conditionals="8" coveredconditionals="3" methods="0" coveredmethods="0"/>
        <line num="2" count="3" type="stmt"/>
        <line num="4" count="3" type="stmt"/>
        <line num="13" count="3" type="stmt"/>
      </file>
    </package>
    <package name="models">
      <metrics statements="12" coveredstatements="12" conditionals="0" coveredconditionals="0" methods="0" coveredmethods="0"/>
      <file name="course.ts" path="/home/camila.barroso/projects/ztd-api/src/models/course.ts">
        <metrics statements="4" coveredstatements="4" conditionals="0" coveredconditionals="0" methods="0" coveredmethods="0"/>
        <line num="1" count="1" type="stmt"/>
        <line num="12" count="1" type="stmt"/>
        <line num="26" count="1" type="stmt"/>
        <line num="28" count="1" type="stmt"/>
      </file>
      <file name="feedback.ts" path="/home/camila.barroso/projects/ztd-api/src/models/feedback.ts">
        <metrics statements="4" coveredstatements="4" conditionals="0" coveredconditionals="0" methods="0" coveredmethods="0"/>
        <line num="1" count="1" type="stmt"/>
        <line num="11" count="1" type="stmt"/>
        <line num="24" count="1" type="stmt"/>
        <line num="26" count="1" type="stmt"/>
      </file>
      <file name="user.ts" path="/home/camila.barroso/projects/ztd-api/src/models/user.ts">
        <metrics statements="4" coveredstatements="4" conditionals="0" coveredconditionals="0" methods="0" coveredmethods="0"/>
        <line num="1" count="1" type="stmt"/>
        <line num="12" count="1" type="stmt"/>
        <line num="28" count="1" type="stmt"/>
        <line num="30" count="1" type="stmt"/>
      </file>
    </package>
  </project>
</coverage>
