{"/home/camila.barroso/projects/ztd-api/src/config/db.ts": {"path":"/home/camila.barroso/projects/ztd-api/src/config/db.ts","statementMap":{"0":{"start":{"line":1,"column":0},"end":{"line":1,"column":32}},"1":{"start":{"line":3,"column":0},"end":{"line":18,"column":2}},"2":{"start":{"line":4,"column":2},"end":{"line":9,"column":5}},"3":{"start":{"line":11,"column":2},"end":{"line":13,"column":5}},"4":{"start":{"line":12,"column":4},"end":{"line":12,"column":42}},"5":{"start":{"line":15,"column":2},"end":{"line":17,"column":5}},"6":{"start":{"line":16,"column":4},"end":{"line":16,"column":41}}},"fnMap":{"0":{"name":"(anonymous_1)","decl":{"start":{"line":3,"column":15},"end":{"line":3,"column":16}},"loc":{"start":{"line":3,"column":34},"end":{"line":18,"column":1}}},"1":{"name":"(anonymous_2)","decl":{"start":{"line":11,"column":40},"end":{"line":11,"column":null}},"loc":{"start":{"line":11,"column":40},"end":{"line":13,"column":3}}},"2":{"name":"(anonymous_3)","decl":{"start":{"line":15,"column":34},"end":{"line":15,"column":35}},"loc":{"start":{"line":15,"column":38},"end":{"line":17,"column":3}}}},"branchMap":{},"s":{"0":3,"1":3,"2":3,"3":3,"4":3,"5":3,"6":0},"f":{"0":3,"1":3,"2":0},"b":{}}
,"/home/camila.barroso/projects/ztd-api/src/config/index.ts": {"path":"/home/camila.barroso/projects/ztd-api/src/config/index.ts","statementMap":{"0":{"start":{"line":2,"column":0},"end":{"line":2,"column":27}},"1":{"start":{"line":4,"column":15},"end":{"line":12,"column":2}},"2":{"start":{"line":13,"column":0},"end":{"line":13,"column":22}}},"fnMap":{},"branchMap":{"0":{"loc":{"start":{"line":5,"column":8},"end":{"line":5,"column":29}},"type":"binary-expr","locations":[{"start":{"line":5,"column":8},"end":{"line":5,"column":29}},{"start":{"line":5,"column":33},"end":{"line":5,"column":37}}]},"1":{"loc":{"start":{"line":8,"column":8},"end":{"line":8,"column":39}},"type":"cond-expr","locations":[{"start":{"line":8,"column":8},"end":{"line":8,"column":39}},{"start":{"line":9,"column":8},"end":{"line":9,"column":38}}]},"2":{"loc":{"start":{"line":8,"column":8},"end":{"line":8,"column":33}},"type":"binary-expr","locations":[{"start":{"line":8,"column":8},"end":{"line":8,"column":33}},{"start":{"line":8,"column":37},"end":{"line":8,"column":39}}]},"3":{"loc":{"start":{"line":9,"column":8},"end":{"line":9,"column":32}},"type":"binary-expr","locations":[{"start":{"line":9,"column":8},"end":{"line":9,"column":32}},{"start":{"line":9,"column":36},"end":{"line":9,"column":38}}]}},"s":{"0":3,"1":3,"2":3},"f":{},"b":{"0":[3,0],"1":[3,0],"2":[3,0],"3":[0,0]}}
,"/home/camila.barroso/projects/ztd-api/src/models/course.ts": {"path":"/home/camila.barroso/projects/ztd-api/src/models/course.ts","statementMap":{"0":{"start":{"line":1,"column":0},"end":{"line":1,"column":51}},"1":{"start":{"line":12,"column":21},"end":{"line":23,"column":null}},"2":{"start":{"line":26,"column":20},"end":{"line":26,"column":66}},"3":{"start":{"line":28,"column":0},"end":{"line":28,"column":27}}},"fnMap":{},"branchMap":{},"s":{"0":1,"1":1,"2":1,"3":1},"f":{},"b":{}}
,"/home/camila.barroso/projects/ztd-api/src/models/feedback.ts": {"path":"/home/camila.barroso/projects/ztd-api/src/models/feedback.ts","statementMap":{"0":{"start":{"line":1,"column":0},"end":{"line":1,"column":51}},"1":{"start":{"line":11,"column":23},"end":{"line":21,"column":null}},"2":{"start":{"line":24,"column":22},"end":{"line":24,"column":74}},"3":{"start":{"line":26,"column":0},"end":{"line":26,"column":29}}},"fnMap":{},"branchMap":{},"s":{"0":1,"1":1,"2":1,"3":1},"f":{},"b":{}}
,"/home/camila.barroso/projects/ztd-api/src/models/user.ts": {"path":"/home/camila.barroso/projects/ztd-api/src/models/user.ts","statementMap":{"0":{"start":{"line":1,"column":0},"end":{"line":1,"column":51}},"1":{"start":{"line":12,"column":19},"end":{"line":23,"column":null}},"2":{"start":{"line":28,"column":18},"end":{"line":28,"column":58}},"3":{"start":{"line":30,"column":0},"end":{"line":30,"column":25}}},"fnMap":{},"branchMap":{},"s":{"0":1,"1":1,"2":1,"3":1},"f":{},"b":{}}
}
